<?xml version="1.0" encoding="UTF-8"?>
<testng-results skipped="0" failed="0" ignored="0" total="1" passed="1">
  <reporter-output>
  </reporter-output>
  <suite name="Default suite" duration-ms="2153" started-at="2022-03-19T19:16:53 CDT" finished-at="2022-03-19T19:16:55 CDT">
    <groups>
    </groups>
    <test name="Default test" duration-ms="2153" started-at="2022-03-19T19:16:53 CDT" finished-at="2022-03-19T19:16:55 CDT">
      <class name="testCases.ReadAllProduct">
        <test-method status="PASS" signature="readAllProduct()[pri:0, instance:testCases.ReadAllProduct@2f943d71]" name="readAllProduct" duration-ms="2134" started-at="2022-03-19T19:16:53 CDT" finished-at="2022-03-19T19:16:55 CDT">
          <reporter-output>
          </reporter-output>
        </test-method> <!-- readAllProduct -->
      </class> <!-- testCases.ReadAllProduct -->
    </test> <!-- Default test -->
  </suite> <!-- Default suite -->
</testng-results>
